<?xml version="1.0" encoding="UTF-8"?>
<!-- Generated by org.testng.reporters.JUnitReportReporter -->
<testsuite hostname="DESKTOP-0VG4TTE" failures="0" tests="19" name="com.phptravels.scripts.TCAgent" time="85.484" errors="0" timestamp="2022-05-02T15:18:22 IST" skipped="0">
  <testcase classname="com.phptravels.scripts.TCAgent" name="verifyHomePage" time="0.014"/>
  <system-out/>
  <testcase classname="com.phptravels.scripts.TCAgent" name="verifyAgentFE" time="2.689"/>
  <system-out/>
  <testcase classname="com.phptravels.scripts.TCAgent" name="verifyNullCFLogin" time="2.402"/>
  <system-out/>
  <testcase classname="com.phptravels.scripts.TCAgent" name="verifyInvalidAFEmail" time="5.304"/>
  <system-out/>
  <testcase classname="com.phptravels.scripts.TCAgent" name="verifyInvalidAFPass" time="5.463"/>
  <system-out/>
  <testcase classname="com.phptravels.scripts.TCAgent" name="verifyValidAFLogin" time="4.610"/>
  <system-out/>
  <testcase classname="com.phptravels.scripts.TCAgent" name="verifyAFMyBookings" time="5.408"/>
  <system-out/>
  <testcase classname="com.phptravels.scripts.TCAgent" name="verifyAFAddFunds" time="5.365"/>
  <system-out/>
  <testcase classname="com.phptravels.scripts.TCAgent" name="verifyAFMyProfile" time="4.100"/>
  <system-out/>
  <testcase classname="com.phptravels.scripts.TCAgent" name="verifyAFHome" time="5.635"/>
  <system-out/>
  <testcase classname="com.phptravels.scripts.TCAgent" name="verifyAFHotels" time="4.319"/>
  <system-out/>
  <testcase classname="com.phptravels.scripts.TCAgent" name="verifyAFHotelsbyCity" time="8.173"/>
  <system-out/>
  <testcase classname="com.phptravels.scripts.TCAgent" name="verifyAFFlights" time="4.753"/>
  <system-out/>
  <testcase classname="com.phptravels.scripts.TCAgent" name="verifyAFTours" time="3.747"/>
  <system-out/>
  <testcase classname="com.phptravels.scripts.TCAgent" name="verifyAFVisa" time="4.088"/>
  <system-out/>
  <testcase classname="com.phptravels.scripts.TCAgent" name="verifyAFBlog" time="3.867"/>
  <system-out/>
  <testcase classname="com.phptravels.scripts.TCAgent" name="verifyAFOffers" time="3.531"/>
  <system-out/>
  <testcase classname="com.phptravels.scripts.TCAgent" name="verifyCurrency" time="5.801"/>
  <system-out/>
  <testcase classname="com.phptravels.scripts.TCAgent" name="verifyAFLogout" time="6.215"/>
  <system-out/>
</testsuite> <!-- com.phptravels.scripts.TCAgent -->
