<?xml version="1.0" encoding="UTF-8"?>
<!-- Generated by org.testng.reporters.JUnitReportReporter -->
<testsuite hostname="DESKTOP-0VG4TTE" failures="0" tests="14" name="com.phptravels.scripts.TCCustomer" time="108.210" errors="0" timestamp="2022-05-18T23:31:39 IST" skipped="0">
  <testcase classname="com.phptravels.scripts.TCCustomer" name="verifyHomePage" time="0.884"/>
  <system-out/>
  <testcase classname="com.phptravels.scripts.TCCustomer" name="verifyCustomerFE" time="5.528"/>
  <system-out/>
  <testcase classname="com.phptravels.scripts.TCCustomer" name="verifyNullCFLogin" time="4.119"/>
  <system-out/>
  <testcase classname="com.phptravels.scripts.TCCustomer" name="verifyInvalidCFEmail" time="15.313"/>
  <system-out/>
  <testcase classname="com.phptravels.scripts.TCCustomer" name="verifyInvalidCFPass" time="7.356"/>
  <system-out/>
  <testcase classname="com.phptravels.scripts.TCCustomer" name="verifyvalidCFLogin" time="7.879"/>
  <system-out/>
  <testcase classname="com.phptravels.scripts.TCCustomer" name="verifyMyBookings" time="4.097"/>
  <system-out/>
  <testcase classname="com.phptravels.scripts.TCCustomer" name="verifyVoucher" time="9.602"/>
  <system-out/>
  <testcase classname="com.phptravels.scripts.TCCustomer" name="verifyAddFunds" time="5.136"/>
  <system-out/>
  <testcase classname="com.phptravels.scripts.TCCustomer" name="verifyPaybyPayPal" time="7.452"/>
  <system-out/>
  <testcase classname="com.phptravels.scripts.TCCustomer" name="verifyPayPal" time="27.073"/>
  <system-out/>
  <testcase classname="com.phptravels.scripts.TCCustomer" name="verifyMyProfile" time="3.047"/>
  <system-out/>
  <testcase classname="com.phptravels.scripts.TCCustomer" name="verifyAddress" time="7.198"/>
  <system-out/>
  <testcase classname="com.phptravels.scripts.TCCustomer" name="verifyLogout" time="3.526"/>
  <system-out/>
</testsuite> <!-- com.phptravels.scripts.TCCustomer -->
