<?xml version="1.0" encoding="UTF-8"?>
<!-- Generated by org.testng.reporters.JUnitReportReporter -->
<testsuite hostname="DESKTOP-0VG4TTE" failures="0" tests="13" name="com.phptravels.scripts.TCSupplier" time="55.505" errors="0" timestamp="2022-05-10T16:30:40 IST" skipped="0">
  <testcase classname="com.phptravels.scripts.TCSupplier" name="verifyHomePage" time="0.310"/>
  <system-out/>
  <testcase classname="com.phptravels.scripts.TCSupplier" name="verifySupplierBE" time="12.729"/>
  <system-out/>
  <testcase classname="com.phptravels.scripts.TCSupplier" name="verifyNullSBLogin" time="2.998"/>
  <system-out/>
  <testcase classname="com.phptravels.scripts.TCSupplier" name="verifyInvalidSBEmail" time="8.013"/>
  <system-out/>
  <testcase classname="com.phptravels.scripts.TCSupplier" name="verifyInvalidSBPass" time="11.231"/>
  <system-out/>
  <testcase classname="com.phptravels.scripts.TCSupplier" name="verifValidSupplierBE" time="10.020"/>
  <system-out/>
  <testcase classname="com.phptravels.scripts.TCSupplier" name="verifySalesOverview" time="0.332"/>
  <system-out/>
  <testcase classname="com.phptravels.scripts.TCSupplier" name="verifyRevenueBD" time="0.237"/>
  <system-out/>
  <testcase classname="com.phptravels.scripts.TCSupplier" name="verifyTours" time="0.074"/>
  <system-out/>
  <testcase classname="com.phptravels.scripts.TCSupplier" name="verifyBookings" time="0.105"/>
  <system-out/>
  <testcase classname="com.phptravels.scripts.TCSupplier" name="verifyVisa" time="0.173"/>
  <system-out/>
  <testcase classname="com.phptravels.scripts.TCSupplier" name="verifyFlight" time="0.163"/>
  <system-out/>
  <testcase classname="com.phptravels.scripts.TCSupplier" name="verifyConfirmedBookings" time="9.120"/>
  <system-out/>
</testsuite> <!-- com.phptravels.scripts.TCSupplier -->
