<?xml version="1.0" encoding="UTF-8"?>
<!-- Generated by org.testng.reporters.JUnitReportReporter -->
<testsuite hostname="DESKTOP-0VG4TTE" failures="0" tests="19" name="com.phptravels.scripts.TCAgent" time="162.371" errors="0" timestamp="2022-05-10T16:30:40 IST" skipped="0">
  <testcase classname="com.phptravels.scripts.TCAgent" name="verifyHomePage" time="0.092"/>
  <system-out/>
  <testcase classname="com.phptravels.scripts.TCAgent" name="verifyAgentFE" time="10.442"/>
  <system-out/>
  <testcase classname="com.phptravels.scripts.TCAgent" name="verifyNullCFLogin" time="3.790"/>
  <system-out/>
  <testcase classname="com.phptravels.scripts.TCAgent" name="verifyInvalidAFEmail" time="11.595"/>
  <system-out/>
  <testcase classname="com.phptravels.scripts.TCAgent" name="verifyInvalidAFPass" time="9.299"/>
  <system-out/>
  <testcase classname="com.phptravels.scripts.TCAgent" name="verifyValidAFLogin" time="8.250"/>
  <system-out/>
  <testcase classname="com.phptravels.scripts.TCAgent" name="verifyAFMyBookings" time="9.607"/>
  <system-out/>
  <testcase classname="com.phptravels.scripts.TCAgent" name="verifyAFAddFunds" time="8.113"/>
  <system-out/>
  <testcase classname="com.phptravels.scripts.TCAgent" name="verifyAFMyProfile" time="6.941"/>
  <system-out/>
  <testcase classname="com.phptravels.scripts.TCAgent" name="verifyAFHome" time="13.897"/>
  <system-out/>
  <testcase classname="com.phptravels.scripts.TCAgent" name="verifyAFHotels" time="8.595"/>
  <system-out/>
  <testcase classname="com.phptravels.scripts.TCAgent" name="verifyAFHotelsbyCity" time="13.699"/>
  <system-out/>
  <testcase classname="com.phptravels.scripts.TCAgent" name="verifyAFFlights" time="8.177"/>
  <system-out/>
  <testcase classname="com.phptravels.scripts.TCAgent" name="verifyAFTours" time="7.511"/>
  <system-out/>
  <testcase classname="com.phptravels.scripts.TCAgent" name="verifyAFVisa" time="7.147"/>
  <system-out/>
  <testcase classname="com.phptravels.scripts.TCAgent" name="verifyAFBlog" time="7.452"/>
  <system-out/>
  <testcase classname="com.phptravels.scripts.TCAgent" name="verifyAFOffers" time="8.861"/>
  <system-out/>
  <testcase classname="com.phptravels.scripts.TCAgent" name="verifyCurrency" time="10.585"/>
  <system-out/>
  <testcase classname="com.phptravels.scripts.TCAgent" name="verifyAFLogout" time="8.318"/>
  <system-out/>
</testsuite> <!-- com.phptravels.scripts.TCAgent -->
