<?xml version="1.0" encoding="UTF-8"?>
<!-- Generated by org.testng.reporters.JUnitReportReporter -->
<testsuite hostname="DESKTOP-0VG4TTE" failures="0" tests="13" name="com.phptravels.scripts.TCAdmin" time="75.756" errors="0" timestamp="2022-05-18T23:31:39 IST" skipped="0">
  <testcase classname="com.phptravels.scripts.TCAdmin" name="verifyHomePage" time="0.184"/>
  <system-out/>
  <testcase classname="com.phptravels.scripts.TCAdmin" name="verifyAdminBE" time="7.525"/>
  <system-out/>
  <testcase classname="com.phptravels.scripts.TCAdmin" name="verifyNullABLogin" time="2.663"/>
  <system-out/>
  <testcase classname="com.phptravels.scripts.TCAdmin" name="verifyInvalidABEmail" time="5.228"/>
  <system-out/>
  <testcase classname="com.phptravels.scripts.TCAdmin" name="verifyInvalidABPass" time="7.161"/>
  <system-out/>
  <testcase classname="com.phptravels.scripts.TCAdmin" name="verifValidAdminBE" time="9.554"/>
  <system-out/>
  <testcase classname="com.phptravels.scripts.TCAdmin" name="verifyBookings" time="5.366"/>
  <system-out/>
  <testcase classname="com.phptravels.scripts.TCAdmin" name="verifyPaidBookings" time="4.995"/>
  <system-out/>
  <testcase classname="com.phptravels.scripts.TCAdmin" name="verifyInvoice" time="6.114"/>
  <system-out/>
  <testcase classname="com.phptravels.scripts.TCAdmin" name="verifycancelledBookings" time="4.683"/>
  <system-out/>
  <testcase classname="com.phptravels.scripts.TCAdmin" name="verifydeleteBookings" time="4.729"/>
  <system-out/>
  <testcase classname="com.phptravels.scripts.TCAdmin" name="verifyConfirmedBookings" time="9.126"/>
  <system-out/>
  <testcase classname="com.phptravels.scripts.TCAdmin" name="verifyWebsite" time="8.428"/>
  <system-out/>
</testsuite> <!-- com.phptravels.scripts.TCAdmin -->
