<?xml version="1.0" encoding="UTF-8"?>
<!-- Generated by org.testng.reporters.JUnitReportReporter -->
<testsuite hostname="DESKTOP-0VG4TTE" failures="0" tests="19" name="com.phptravels.scripts.TCAgent" time="128.871" errors="0" timestamp="2022-05-18T23:31:39 IST" skipped="0">
  <testcase classname="com.phptravels.scripts.TCAgent" name="verifyHomePage" time="0.014"/>
  <system-out/>
  <testcase classname="com.phptravels.scripts.TCAgent" name="verifyAgentFE" time="4.458"/>
  <system-out/>
  <testcase classname="com.phptravels.scripts.TCAgent" name="verifyNullCFLogin" time="2.941"/>
  <system-out/>
  <testcase classname="com.phptravels.scripts.TCAgent" name="verifyInvalidAFEmail" time="8.868"/>
  <system-out/>
  <testcase classname="com.phptravels.scripts.TCAgent" name="verifyInvalidAFPass" time="7.565"/>
  <system-out/>
  <testcase classname="com.phptravels.scripts.TCAgent" name="verifyValidAFLogin" time="6.714"/>
  <system-out/>
  <testcase classname="com.phptravels.scripts.TCAgent" name="verifyAFMyBookings" time="6.806"/>
  <system-out/>
  <testcase classname="com.phptravels.scripts.TCAgent" name="verifyAFAddFunds" time="8.777"/>
  <system-out/>
  <testcase classname="com.phptravels.scripts.TCAgent" name="verifyAFMyProfile" time="9.598"/>
  <system-out/>
  <testcase classname="com.phptravels.scripts.TCAgent" name="verifyAFHome" time="11.481"/>
  <system-out/>
  <testcase classname="com.phptravels.scripts.TCAgent" name="verifyAFHotels" time="5.422"/>
  <system-out/>
  <testcase classname="com.phptravels.scripts.TCAgent" name="verifyAFHotelsbyCity" time="12.512"/>
  <system-out/>
  <testcase classname="com.phptravels.scripts.TCAgent" name="verifyAFFlights" time="5.495"/>
  <system-out/>
  <testcase classname="com.phptravels.scripts.TCAgent" name="verifyAFTours" time="4.968"/>
  <system-out/>
  <testcase classname="com.phptravels.scripts.TCAgent" name="verifyAFVisa" time="5.955"/>
  <system-out/>
  <testcase classname="com.phptravels.scripts.TCAgent" name="verifyAFBlog" time="5.924"/>
  <system-out/>
  <testcase classname="com.phptravels.scripts.TCAgent" name="verifyAFOffers" time="5.067"/>
  <system-out/>
  <testcase classname="com.phptravels.scripts.TCAgent" name="verifyCurrency" time="9.442"/>
  <system-out/>
  <testcase classname="com.phptravels.scripts.TCAgent" name="verifyAFLogout" time="6.864"/>
  <system-out/>
</testsuite> <!-- com.phptravels.scripts.TCAgent -->
