<?xml version="1.0" encoding="UTF-8"?>
<!-- Generated by org.testng.reporters.JUnitReportReporter -->
<testsuite hostname="DESKTOP-0VG4TTE" failures="0" tests="13" name="com.phptravels.scripts.TCAdmin" time="91.599" errors="0" timestamp="2022-05-10T16:30:40 IST" skipped="0">
  <testcase classname="com.phptravels.scripts.TCAdmin" name="verifyHomePage" time="1.217"/>
  <system-out/>
  <testcase classname="com.phptravels.scripts.TCAdmin" name="verifyAdminBE" time="6.903"/>
  <system-out/>
  <testcase classname="com.phptravels.scripts.TCAdmin" name="verifyNullABLogin" time="3.057"/>
  <system-out/>
  <testcase classname="com.phptravels.scripts.TCAdmin" name="verifyInvalidABEmail" time="6.437"/>
  <system-out/>
  <testcase classname="com.phptravels.scripts.TCAdmin" name="verifyInvalidABPass" time="7.877"/>
  <system-out/>
  <testcase classname="com.phptravels.scripts.TCAdmin" name="verifValidAdminBE" time="11.570"/>
  <system-out/>
  <testcase classname="com.phptravels.scripts.TCAdmin" name="verifyBookings" time="5.955"/>
  <system-out/>
  <testcase classname="com.phptravels.scripts.TCAdmin" name="verifyPaidBookings" time="6.054"/>
  <system-out/>
  <testcase classname="com.phptravels.scripts.TCAdmin" name="verifyInvoice" time="11.286"/>
  <system-out/>
  <testcase classname="com.phptravels.scripts.TCAdmin" name="verifycancelledBookings" time="5.649"/>
  <system-out/>
  <testcase classname="com.phptravels.scripts.TCAdmin" name="verifydeleteBookings" time="5.892"/>
  <system-out/>
  <testcase classname="com.phptravels.scripts.TCAdmin" name="verifyConfirmedBookings" time="11.401"/>
  <system-out/>
  <testcase classname="com.phptravels.scripts.TCAdmin" name="verifyWebsite" time="8.301"/>
  <system-out/>
</testsuite> <!-- com.phptravels.scripts.TCAdmin -->
