<?xml version="1.0" encoding="UTF-8"?>
<!-- Generated by org.testng.reporters.JUnitReportReporter -->
<testsuite hostname="DESKTOP-0VG4TTE" failures="0" tests="14" name="com.phptravels.scripts.TCCustomer" time="136.024" errors="0" timestamp="2022-05-10T16:30:40 IST" skipped="0">
  <testcase classname="com.phptravels.scripts.TCCustomer" name="verifyHomePage" time="1.111"/>
  <system-out/>
  <testcase classname="com.phptravels.scripts.TCCustomer" name="verifyCustomerFE" time="10.045"/>
  <system-out/>
  <testcase classname="com.phptravels.scripts.TCCustomer" name="verifyNullCFLogin" time="5.901"/>
  <system-out/>
  <testcase classname="com.phptravels.scripts.TCCustomer" name="verifyInvalidCFEmail" time="15.389"/>
  <system-out/>
  <testcase classname="com.phptravels.scripts.TCCustomer" name="verifyInvalidCFPass" time="11.113"/>
  <system-out/>
  <testcase classname="com.phptravels.scripts.TCCustomer" name="verifyvalidCFLogin" time="9.827"/>
  <system-out/>
  <testcase classname="com.phptravels.scripts.TCCustomer" name="verifyMyBookings" time="5.855"/>
  <system-out/>
  <testcase classname="com.phptravels.scripts.TCCustomer" name="verifyVoucher" time="16.101"/>
  <system-out/>
  <testcase classname="com.phptravels.scripts.TCCustomer" name="verifyAddFunds" time="7.088"/>
  <system-out/>
  <testcase classname="com.phptravels.scripts.TCCustomer" name="verifyPaybyPayPal" time="6.569"/>
  <system-out/>
  <testcase classname="com.phptravels.scripts.TCCustomer" name="verifyPayPal" time="27.909"/>
  <system-out/>
  <testcase classname="com.phptravels.scripts.TCCustomer" name="verifyMyProfile" time="4.456"/>
  <system-out/>
  <testcase classname="com.phptravels.scripts.TCCustomer" name="verifyAddress" time="8.980"/>
  <system-out/>
  <testcase classname="com.phptravels.scripts.TCCustomer" name="verifyLogout" time="5.680"/>
  <system-out/>
</testsuite> <!-- com.phptravels.scripts.TCCustomer -->
